e:\studia\algosy\zadanka z algosów\debug\vc141.pdb
e:\studia\algosy\zadanka z algosów\debug\vc141.idb
e:\studia\algosy\zadanka z algosów\debug\main.obj
e:\studia\algosy\zadanka z algosów\debug\main — kopia.obj
e:\studia\algosy\zadanka z algosów\debug\arraylist.obj
e:\studia\algosy\zadanka z algosów\debug\cursorlist.obj
e:\studia\algosy\zadanka z algosów\debug\singlelist.obj
e:\studia\algosy\zadanka z algosów\debug\linkedlist.obj
e:\studia\algosy\zadanka z algosów\debug\stdlist.obj
e:\studia\algosy\zadanka z algosów\debug\sortedarraylist.obj
e:\studia\algosy\zadanka z algosów\debug\sortedsinglelist.obj
e:\studia\algosy\zadanka z algosów\debug\sortedlinkedlist.obj
e:\studia\algosy\zadanka z algosów\debug\deque.obj
e:\studia\algosy\zadanka z algosów\debug\stack.obj
e:\studia\algosy\zadanka z algosów\debug\queue.obj
e:\studia\algosy\debug\zadanka z algosów.pdb
e:\studia\algosy\zadanka z algosów\debug\zadanka .e67bb115.tlog\cl.command.1.tlog
e:\studia\algosy\zadanka z algosów\debug\zadanka .e67bb115.tlog\cl.read.1.tlog
e:\studia\algosy\zadanka z algosów\debug\zadanka .e67bb115.tlog\cl.write.1.tlog
e:\studia\algosy\zadanka z algosów\debug\zadanka .e67bb115.tlog\link-cvtres.read.1.tlog
e:\studia\algosy\zadanka z algosów\debug\zadanka .e67bb115.tlog\link-cvtres.write.1.tlog
e:\studia\algosy\zadanka z algosów\debug\zadanka .e67bb115.tlog\link-rc.read.1.tlog
e:\studia\algosy\zadanka z algosów\debug\zadanka .e67bb115.tlog\link-rc.write.1.tlog
e:\studia\algosy\zadanka z algosów\debug\zadanka .e67bb115.tlog\link.16748-cvtres.read.1.tlog
e:\studia\algosy\zadanka z algosów\debug\zadanka .e67bb115.tlog\link.16748-cvtres.write.1.tlog
e:\studia\algosy\zadanka z algosów\debug\zadanka .e67bb115.tlog\link.16748-rc.read.1.tlog
e:\studia\algosy\zadanka z algosów\debug\zadanka .e67bb115.tlog\link.16748-rc.write.1.tlog
e:\studia\algosy\zadanka z algosów\debug\zadanka .e67bb115.tlog\link.16748.read.1.tlog
e:\studia\algosy\zadanka z algosów\debug\zadanka .e67bb115.tlog\link.16748.write.1.tlog
e:\studia\algosy\zadanka z algosów\debug\zadanka .e67bb115.tlog\link.command.1.tlog
e:\studia\algosy\zadanka z algosów\debug\zadanka .e67bb115.tlog\link.read.1.tlog
e:\studia\algosy\zadanka z algosów\debug\zadanka .e67bb115.tlog\link.write.1.tlog
