  main.cpp
e:\studia\algosy\zadanka z algosów\betteravl.h(72): warning C4267: 'return': conversion from 'size_t' to 'int', possible loss of data
  e:\studia\algosy\zadanka z algosów\betteravl.h(69): note: while compiling class template member function 'int AVL<int>::get_balance(int)'
  e:\studia\algosy\zadanka z algosów\betteravl.h(259): note: see reference to function template instantiation 'int AVL<int>::get_balance(int)' being compiled
  e:\studia\algosy\zadanka z algosów\betteravl.h(220): note: while compiling class template member function 'AVL<int>::node<T> *AVL<T>::insert(const T &)'
          with
          [
              T=int
          ]
  e:\studia\algosy\zadanka z algosów\main.cpp(145): note: see reference to function template instantiation 'AVL<int>::node<T> *AVL<T>::insert(const T &)' being compiled
          with
          [
              T=int
          ]
  e:\studia\algosy\zadanka z algosów\main.cpp(140): note: see reference to class template instantiation 'AVL<int>' being compiled
e:\studia\algosy\zadanka z algosów\memoryblock.h(146): warning C4267: 'argument': conversion from 'size_t' to 'int', possible loss of data
  e:\studia\algosy\zadanka z algosów\memoryblock.h(145): note: while compiling class template member function 'void MemoryBlock<AVL<int>::node<T>>::erase(size_t)'
          with
          [
              T=int
          ]
  e:\studia\algosy\zadanka z algosów\betteravl.h(417): note: see reference to function template instantiation 'void MemoryBlock<AVL<int>::node<T>>::erase(size_t)' being compiled
          with
          [
              T=int
          ]
e:\studia\algosy\zadanka z algosów\memoryblock.h(294): warning C4267: 'argument': conversion from 'size_t' to 'int', possible loss of data
  e:\studia\algosy\zadanka z algosów\memoryblock.h(288): note: while compiling class template member function 'std::pair<char *,int> MemoryBlock<AVL<int>::node<T>>::allocate(void)'
          with
          [
              T=int
          ]
  e:\studia\algosy\zadanka z algosów\betteravl.h(235): note: see reference to function template instantiation 'std::pair<char *,int> MemoryBlock<AVL<int>::node<T>>::allocate(void)' being compiled
          with
          [
              T=int
          ]
e:\studia\algosy\zadanka z algosów\memoryblock.h(68): warning C4267: 'argument': conversion from 'size_t' to 'int', possible loss of data
  e:\studia\algosy\zadanka z algosów\memoryblock.h(67): note: while compiling class template member function 'void MemoryBlock<AVL<int>::node<T>>::find_next_empty(void)'
          with
          [
              T=int
          ]
  e:\studia\algosy\zadanka z algosów\memoryblock.h(302): note: see reference to function template instantiation 'void MemoryBlock<AVL<int>::node<T>>::find_next_empty(void)' being compiled
          with
          [
              T=int
          ]
  e:\studia\algosy\zadanka z algosów\betteravl.h(61): note: while compiling class template member function 'size_t AVL<int>::depth(int)'
  e:\studia\algosy\zadanka z algosów\betteravl.h(256): note: see reference to function template instantiation 'size_t AVL<int>::depth(int)' being compiled
e:\studia\algosy\zadanka z algosów\memoryblock.h(72): warning C4267: 'argument': conversion from 'size_t' to 'int', possible loss of data
c:\program files (x86)\microsoft visual studio\2017\enterprise\vc\tools\msvc\14.14.26428\include\utility(203): warning C4267: 'initializing': conversion from 'size_t' to 'int', possible loss of data
  e:\studia\algosy\zadanka z algosów\memoryblock.h(300): note: see reference to function template instantiation 'std::pair<char *,int>::pair<_Ty1,size_t&,0>(_Other1 &&,_Other2) noexcept' being compiled
          with
          [
              _Ty1=char *,
              _Other1=char *,
              _Other2=size_t &
          ]
  e:\studia\algosy\zadanka z algosów\memoryblock.h(300): note: see reference to function template instantiation 'std::pair<char *,int>::pair<_Ty1,size_t&,0>(_Other1 &&,_Other2) noexcept' being compiled
          with
          [
              _Ty1=char *,
              _Other1=char *,
              _Other2=size_t &
          ]
  e:\studia\algosy\zadanka z algosów\memoryblock.h(288): note: while compiling class template member function 'std::pair<char *,int> MemoryBlock<AVL<int>::node<T>>::allocate(void)'
          with
          [
              T=int
          ]
  e:\studia\algosy\zadanka z algosów\betteravl.h(235): note: see reference to function template instantiation 'std::pair<char *,int> MemoryBlock<AVL<int>::node<T>>::allocate(void)' being compiled
          with
          [
              T=int
          ]
  Zadanka z Algosów.vcxproj -> E:\Studia\Algosy\x64\Debug\Zadanka z Algosów.exe
