e:\studia\algosy\zadanka z algosów\x64\debug\vc141.pdb
e:\studia\algosy\zadanka z algosów\x64\debug\vc141.idb
e:\studia\algosy\zadanka z algosów\x64\debug\genrandom.obj
e:\studia\algosy\zadanka z algosów\x64\debug\genreverse.obj
e:\studia\algosy\zadanka z algosów\x64\debug\gensorted.obj
e:\studia\algosy\zadanka z algosów\x64\debug\gensortedfirst.obj
e:\studia\algosy\zadanka z algosów\x64\debug\gensortedlast.obj
e:\studia\algosy\zadanka z algosów\x64\debug\heapsort.obj
e:\studia\algosy\zadanka z algosów\x64\debug\heap_min.obj
e:\studia\algosy\zadanka z algosów\x64\debug\main.obj
e:\studia\algosy\zadanka z algosów\x64\debug\mergesort.obj
e:\studia\algosy\zadanka z algosów\x64\debug\qsort.obj
e:\studia\algosy\zadanka z algosów\x64\debug\quicksort.obj
e:\studia\algosy\zadanka z algosów\x64\debug\radxsort.obj
e:\studia\algosy\zadanka z algosów\x64\debug\sorttest.obj
e:\studia\algosy\x64\debug\zadanka z algosów.pdb
e:\studia\algosy\zadanka z algosów\x64\debug\zadanka .e67bb115.tlog\cl.command.1.tlog
e:\studia\algosy\zadanka z algosów\x64\debug\zadanka .e67bb115.tlog\cl.read.1.tlog
e:\studia\algosy\zadanka z algosów\x64\debug\zadanka .e67bb115.tlog\cl.write.1.tlog
e:\studia\algosy\zadanka z algosów\x64\debug\zadanka .e67bb115.tlog\link-cvtres.read.1.tlog
e:\studia\algosy\zadanka z algosów\x64\debug\zadanka .e67bb115.tlog\link-cvtres.write.1.tlog
e:\studia\algosy\zadanka z algosów\x64\debug\zadanka .e67bb115.tlog\link-rc.read.1.tlog
e:\studia\algosy\zadanka z algosów\x64\debug\zadanka .e67bb115.tlog\link-rc.write.1.tlog
e:\studia\algosy\zadanka z algosów\x64\debug\zadanka .e67bb115.tlog\link.15932-cvtres.read.1.tlog
e:\studia\algosy\zadanka z algosów\x64\debug\zadanka .e67bb115.tlog\link.15932-cvtres.write.1.tlog
e:\studia\algosy\zadanka z algosów\x64\debug\zadanka .e67bb115.tlog\link.15932-rc.read.1.tlog
e:\studia\algosy\zadanka z algosów\x64\debug\zadanka .e67bb115.tlog\link.15932-rc.write.1.tlog
e:\studia\algosy\zadanka z algosów\x64\debug\zadanka .e67bb115.tlog\link.15932.read.1.tlog
e:\studia\algosy\zadanka z algosów\x64\debug\zadanka .e67bb115.tlog\link.15932.write.1.tlog
e:\studia\algosy\zadanka z algosów\x64\debug\zadanka .e67bb115.tlog\link.command.1.tlog
e:\studia\algosy\zadanka z algosów\x64\debug\zadanka .e67bb115.tlog\link.read.1.tlog
e:\studia\algosy\zadanka z algosów\x64\debug\zadanka .e67bb115.tlog\link.write.1.tlog
